<?xml version="1.0" encoding="UTF-8"?>
<!-- Generated by org.testng.reporters.JUnitXMLReporter -->
<testsuite ignored="0" hostname="LAPTOP-3CI6OJ1U" failures="1" tests="2" name="Test(failed)" time="20.314" errors="0" timestamp="2022-02-15T01:37:11 IST">
  <testcase classname="com.SauceDemo.TestClass.BasicLogOut" name="LogOut" time="5.23"/>
  <testcase classname="com.SauceDemo.TestClass.BasicAddtoCart" name="LogIn" time="5.018">
    <failure type="java.lang.NullPointerException" message="Cannot invoke &amp;quot;org.openqa.selenium.SearchContext.findElement(org.openqa.selenium.By)&amp;quot; because &amp;quot;this.searchContext&amp;quot; is null">
      <![CDATA[java.lang.NullPointerException: Cannot invoke "org.openqa.selenium.SearchContext.findElement(org.openqa.selenium.By)" because "this.searchContext" is null
at org.openqa.selenium.support.pagefactory.DefaultElementLocator.findElement(DefaultElementLocator.java:69)
at org.openqa.selenium.support.pagefactory.internal.LocatingElementHandler.invoke(LocatingElementHandler.java:38)
at jdk.proxy2/jdk.proxy2.$Proxy14.click(Unknown Source)
at com.SauceDemo.POMClass.LoginPageVerifyTestNG.SelectElement(LoginPageVerifyTestNG.java:64)
at com.SauceDemo.TestClass.BasicAddtoCart.LogIn(BasicAddtoCart.java:15)
at java.base/java.util.ArrayList.forEach(ArrayList.java:1511)
... Removed 27 stack frames]]>
    </failure>
  </testcase> <!-- LogIn -->
</testsuite> <!-- Test(failed) -->
