<?xml version="1.0" encoding="UTF-8"?>
<!-- Generated by org.testng.reporters.JUnitXMLReporter -->
<testsuite ignored="0" hostname="LAPTOP-3CI6OJ1U" failures="0" tests="3" name="ChromeTest" time="77.338" errors="0" timestamp="2022-02-22T00:43:57 IST">
  <testcase classname="com.SauceDemo.TestClass.BasicAddtoCart" name="AddToCart" time="2.244"/>
  <testcase classname="com.SauceDemo.TestClass.BasicLogOut" name="LogOut1" time="5.036"/>
  <testcase classname="com.SauceDemo.TestClass.BasicVerifyLogin" name="VerifyLogin" time="0.008"/>
</testsuite> <!-- ChromeTest -->
